app/build/intermediates/proguard-rules/release/aapt_rules.txt
# view res/layout/design_navigation_item.xml #generated:17
-keep class android.support.design.internal.NavigationMenuItemView { <init>(...); }

# view res/layout/design_navigation_menu.xml #generated:17
-keep class android.support.design.internal.NavigationMenuView { <init>(...); }

# view res/layout/activity_tab_book.xml #generated:14
# view res/layout/activity_user.xml #generated:15
# view res/layout/app_bar_main.xml #generated:18
-keep class android.support.design.widget.AppBarLayout { <init>(...); }

# view res/layout/design_text_input_password_icon.xml #generated:18
-keep class android.support.design.widget.CheckableImageButton { <init>(...); }

# view res/layout/activity_tab_book.xml #generated:9
# view res/layout/activity_user.xml #generated:9
# view res/layout/app_bar_main.xml #generated:10
# view res/layout/design_bottom_sheet_dialog.xml #generated:17
# view res/layout/fragment_main.xml #generated:10
# view res/layout/fragment_main_fragment_old.xml #generated:10
-keep class android.support.design.widget.CoordinatorLayout { <init>(...); }

# view res/layout/activity_book_display.xml #generated:126
# view res/layout/activity_login.xml #generated:54
# view res/layout/activity_main.xml #generated:34
# view res/layout/activity_user.xml #generated:64
-keep class android.support.design.widget.FloatingActionButton { <init>(...); }

# view res/layout/activity_main.xml #generated:25
-keep class android.support.design.widget.NavigationView { <init>(...); }

# view res/layout/design_layout_snackbar.xml #generated:18
# view sw600dp-v13\res/layout-sw600dp-v13/design_layout_snackbar.xml #generated:18
-keep class android.support.design.widget.Snackbar$SnackbarLayout { <init>(...); }

# view res/layout/activity_tab_book.xml #generated:27
-keep class android.support.design.widget.TabLayout { <init>(...); }

# view res/layout/activity_login.xml #generated:32
-keep class android.support.design.widget.TextInputLayout { <init>(...); }

# view res/layout/activity_tab_book.xml #generated:36
# view res/layout/activity_welcome.xml #generated:18
-keep class android.support.v4.view.ViewPager { <init>(...); }

# view res/layout/activity_main.xml #generated:10
-keep class android.support.v4.widget.DrawerLayout { <init>(...); }

# view res/layout/abc_alert_dialog_material.xml #generated:75
-keep class android.support.v4.widget.NestedScrollView { <init>(...); }

# view res/layout/abc_alert_dialog_button_bar_material.xml #generated:39
-keep class android.support.v4.widget.Space { <init>(...); }

# view res/layout/abc_action_menu_item_layout.xml #generated:17
-keep class android.support.v7.view.menu.ActionMenuItemView { <init>(...); }

# view res/layout/abc_expanded_menu_layout.xml #generated:17
-keep class android.support.v7.view.menu.ExpandedMenuView { <init>(...); }

# view res/layout/abc_list_menu_item_layout.xml #generated:17
# view res/layout/abc_popup_menu_item_layout.xml #generated:17
-keep class android.support.v7.view.menu.ListMenuItemView { <init>(...); }

# view res/layout/abc_screen_toolbar.xml #generated:27
-keep class android.support.v7.widget.ActionBarContainer { <init>(...); }

# view res/layout/abc_action_mode_bar.xml #generated:19
# view res/layout/abc_screen_toolbar.xml #generated:43
-keep class android.support.v7.widget.ActionBarContextView { <init>(...); }

# view res/layout/abc_screen_toolbar.xml #generated:17
-keep class android.support.v7.widget.ActionBarOverlayLayout { <init>(...); }

# view res/layout/abc_action_menu_layout.xml #generated:17
-keep class android.support.v7.widget.ActionMenuView { <init>(...); }

# view res/layout/abc_activity_chooser_view.xml #generated:19
-keep class android.support.v7.widget.ActivityChooserView$InnerLayout { <init>(...); }

# view res/layout/activity_login.xml #generated:45
-keep class android.support.v7.widget.AppCompatButton { <init>(...); }

# view res/layout/abc_alert_dialog_button_bar_material.xml #generated:18
-keep class android.support.v7.widget.ButtonBarLayout { <init>(...); }

# view res/layout/about_card_one.xml #generated:9
# view res/layout/about_card_one_old.xml #generated:9
# view res/layout/about_card_three.xml #generated:9
# view res/layout/about_card_three_old.xml #generated:9
# view res/layout/about_card_two.xml #generated:9
# view res/layout/about_card_two_old.xml #generated:9
# view res/layout/about_card_two_one.xml #generated:9
# view res/layout/about_card_two_one_old.xml #generated:9
# view res/layout/activity_book_display.xml #generated:31
# view res/layout/activity_book_display.xml #generated:65
# view res/layout/content_scrolling.xml #generated:9
# view res/layout/developer_card_four.xml #generated:9
# view res/layout/developer_card_one.xml #generated:9
# view res/layout/developer_card_three.xml #generated:9
# view res/layout/developer_card_two.xml #generated:9
# view res/layout/fragment_disclaimer.xml #generated:32
# view res/layout/fragment_disclaimer.xml #generated:72
# view res/layout/fragment_disclaimer__fragment_old.xml #generated:28
# view res/layout/fragment_disclaimer__fragment_old.xml #generated:60
# view res/layout/fragment_referance.xml #generated:32
# view res/layout/fragment_referance_fragment_old.xml #generated:31
# view res/layout/layout_list_issued_details.xml #generated:9
# view res/layout/referance_astm.xml #generated:9
# view res/layout/referance_astm_old.xml #generated:9
# view res/layout/referance_ieee.xml #generated:9
# view res/layout/referance_ieee_old.xml #generated:9
# view res/layout/referance_j_gate.xml #generated:9
# view res/layout/referance_j_gate_old.xml #generated:9
# view res/layout/referance_mcgraw_hill.xml #generated:9
# view res/layout/referance_mcgraw_hill_old.xml #generated:9
# view res/layout/referance_nptel.xml #generated:9
# view res/layout/referance_nptel_old.xml #generated:9
# view res/layout/referance_sciencedirect.xml #generated:9
# view res/layout/referance_sciencedirect_old.xml #generated:9
# view res/layout/referance_springer.xml #generated:9
# view res/layout/referance_springer_old.xml #generated:9
# view res/layout/time1.xml #generated:9
# view res/layout/time2.xml #generated:9
# view res/layout/time3.xml #generated:9
-keep class android.support.v7.widget.CardView { <init>(...); }

# view res/layout/abc_screen_content_include.xml #generated:19
-keep class android.support.v7.widget.ContentFrameLayout { <init>(...); }

# view res/layout/abc_alert_dialog_material.xml #generated:48
-keep class android.support.v7.widget.DialogTitle { <init>(...); }

# view res/layout/abc_screen_simple_overlay_action_mode.xml #generated:23
-keep class android.support.v7.widget.FitWindowsFrameLayout { <init>(...); }

# view res/layout/abc_dialog_title_material.xml #generated:22
# view res/layout/abc_screen_simple.xml #generated:17
-keep class android.support.v7.widget.FitWindowsLinearLayout { <init>(...); }

# view res/layout/abc_search_view.xml #generated:75
-keep class android.support.v7.widget.SearchView$SearchAutoComplete { <init>(...); }

# view res/layout/abc_screen_toolbar.xml #generated:36
# view res/layout/activity_tab_book.xml #generated:19
# view res/layout/activity_user.xml #generated:20
# view res/layout/app_bar_main.xml #generated:23
-keep class android.support.v7.widget.Toolbar { <init>(...); }

# view res/layout/abc_screen_simple.xml #generated:25
# view res/layout/abc_screen_simple_overlay_action_mode.xml #generated:32
-keep class android.support.v7.widget.ViewStubCompat { <init>(...); }

# view AndroidManifest.xml #generated:123
-keep class com.google.android.gms.common.api.GoogleApiActivity { <init>(...); }

# view AndroidManifest.xml #generated:128
-keep class com.google.firebase.provider.FirebaseInitProvider { <init>(...); }

# view AndroidManifest.xml #generated:98
-keep class vesitlibrary.pavankumar.camp.VESITLibrary.BookDisplayCompsActivity { <init>(...); }

# view AndroidManifest.xml #generated:103
-keep class vesitlibrary.pavankumar.camp.VESITLibrary.BookDisplayEtrxActivity { <init>(...); }

# view AndroidManifest.xml #generated:108
-keep class vesitlibrary.pavankumar.camp.VESITLibrary.BookDisplayExtcActivity { <init>(...); }

# view AndroidManifest.xml #generated:88
-keep class vesitlibrary.pavankumar.camp.VESITLibrary.BookDisplayInstruActivity { <init>(...); }

# view AndroidManifest.xml #generated:93
-keep class vesitlibrary.pavankumar.camp.VESITLibrary.BookDisplayItActivity { <init>(...); }

# view AndroidManifest.xml #generated:23
-keep class vesitlibrary.pavankumar.camp.VESITLibrary.Connectivity { <init>(...); }

# view AndroidManifest.xml #generated:115
-keep class vesitlibrary.pavankumar.camp.VESITLibrary.ConnectivityReceiver { <init>(...); }

# view AndroidManifest.xml #generated:66
-keep class vesitlibrary.pavankumar.camp.VESITLibrary.LoginActivity { <init>(...); }

# view AndroidManifest.xml #generated:54
-keep class vesitlibrary.pavankumar.camp.VESITLibrary.MainActivity { <init>(...); }

# view res/layout/developer_card_four.xml #generated:37
# view res/layout/developer_card_one.xml #generated:36
# view res/layout/developer_card_three.xml #generated:37
# view res/layout/developer_card_two.xml #generated:37
# view res/layout/referance_astm.xml #generated:39
# view res/layout/referance_astm_old.xml #generated:39
# view res/layout/referance_ieee.xml #generated:39
# view res/layout/referance_ieee_old.xml #generated:39
# view res/layout/referance_j_gate.xml #generated:39
# view res/layout/referance_j_gate_old.xml #generated:39
# view res/layout/referance_mcgraw_hill.xml #generated:39
# view res/layout/referance_mcgraw_hill_old.xml #generated:39
# view res/layout/referance_nptel.xml #generated:39
# view res/layout/referance_nptel_old.xml #generated:39
# view res/layout/referance_sciencedirect.xml #generated:39
# view res/layout/referance_sciencedirect_old.xml #generated:39
# view res/layout/referance_springer.xml #generated:39
# view res/layout/referance_springer_old.xml #generated:39
-keep class vesitlibrary.pavankumar.camp.VESITLibrary.RoundedImageView { <init>(...); }

# view AndroidManifest.xml #generated:42
-keep class vesitlibrary.pavankumar.camp.VESITLibrary.SplashScreenActivity { <init>(...); }

# view AndroidManifest.xml #generated:75
-keep class vesitlibrary.pavankumar.camp.VESITLibrary.TabbookActivity { <init>(...); }

# view AndroidManifest.xml #generated:71
-keep class vesitlibrary.pavankumar.camp.VESITLibrary.UserActivity { <init>(...); }

# view AndroidManifest.xml #generated:30
-keep class vesitlibrary.pavankumar.camp.VESITLibrary.WelcomeActivity { <init>(...); }