app/build/outputs/mapping/release/seeds.txt
vesitlibrary.pavankumar.camp.VESITLibrary.BookDisplayCompsActivity
vesitlibrary.pavankumar.camp.VESITLibrary.BookDisplayCompsActivity: BookDisplayCompsActivity()
vesitlibrary.pavankumar.camp.VESITLibrary.BookDisplayEtrxActivity
vesitlibrary.pavankumar.camp.VESITLibrary.BookDisplayEtrxActivity: BookDisplayEtrxActivity()
vesitlibrary.pavankumar.camp.VESITLibrary.BookDisplayExtcActivity
vesitlibrary.pavankumar.camp.VESITLibrary.BookDisplayExtcActivity: BookDisplayExtcActivity()
vesitlibrary.pavankumar.camp.VESITLibrary.BookDisplayInstruActivity
vesitlibrary.pavankumar.camp.VESITLibrary.BookDisplayInstruActivity: BookDisplayInstruActivity()
vesitlibrary.pavankumar.camp.VESITLibrary.BookDisplayItActivity
vesitlibrary.pavankumar.camp.VESITLibrary.BookDisplayItActivity: BookDisplayItActivity()
vesitlibrary.pavankumar.camp.VESITLibrary.Connectivity
vesitlibrary.pavankumar.camp.VESITLibrary.Connectivity: Connectivity()
vesitlibrary.pavankumar.camp.VESITLibrary.ConnectivityReceiver
vesitlibrary.pavankumar.camp.VESITLibrary.ConnectivityReceiver: ConnectivityReceiver()
vesitlibrary.pavankumar.camp.VESITLibrary.LoginActivity
vesitlibrary.pavankumar.camp.VESITLibrary.LoginActivity: LoginActivity()
vesitlibrary.pavankumar.camp.VESITLibrary.LoginActivity: void onClick(android.view.View)
vesitlibrary.pavankumar.camp.VESITLibrary.MainActivity
vesitlibrary.pavankumar.camp.VESITLibrary.MainActivity: MainActivity()
vesitlibrary.pavankumar.camp.VESITLibrary.R$anim: int abc_fade_in
vesitlibrary.pavankumar.camp.VESITLibrary.R$anim: int abc_fade_out
vesitlibrary.pavankumar.camp.VESITLibrary.R$anim: int abc_grow_fade_in_from_bottom
vesitlibrary.pavankumar.camp.VESITLibrary.R$anim: int abc_popup_enter
vesitlibrary.pavankumar.camp.VESITLibrary.R$anim: int abc_popup_exit
vesitlibrary.pavankumar.camp.VESITLibrary.R$anim: int abc_shrink_fade_out_from_bottom
vesitlibrary.pavankumar.camp.VESITLibrary.R$anim: int abc_slide_in_bottom
vesitlibrary.pavankumar.camp.VESITLibrary.R$anim: int abc_slide_in_top
vesitlibrary.pavankumar.camp.VESITLibrary.R$anim: int abc_slide_out_bottom
vesitlibrary.pavankumar.camp.VESITLibrary.R$anim: int abc_slide_out_top
vesitlibrary.pavankumar.camp.VESITLibrary.R$anim: int design_appbar_state_list_animator
vesitlibrary.pavankumar.camp.VESITLibrary.R$anim: int design_bottom_sheet_slide_in
vesitlibrary.pavankumar.camp.VESITLibrary.R$anim: int design_bottom_sheet_slide_out
vesitlibrary.pavankumar.camp.VESITLibrary.R$anim: int design_fab_in
vesitlibrary.pavankumar.camp.VESITLibrary.R$anim: int design_fab_out
vesitlibrary.pavankumar.camp.VESITLibrary.R$anim: int design_snackbar_in
vesitlibrary.pavankumar.camp.VESITLibrary.R$anim: int design_snackbar_out
vesitlibrary.pavankumar.camp.VESITLibrary.R$array: int array_dot_active
vesitlibrary.pavankumar.camp.VESITLibrary.R$array: int array_dot_inactive
...
android.support.v7.view.menu.ActionMenuItemView
android.support.v7.view.menu.ActionMenuItemView: ActionMenuItemView(android.content.Context)
android.support.v7.view.menu.ActionMenuItemView: ActionMenuItemView(android.content.Context,android.util.AttributeSet)
android.support.v7.view.menu.ActionMenuItemView: ActionMenuItemView(android.content.Context,android.util.AttributeSet,int)
android.support.v7.view.menu.ActionMenuItemView: android.support.v7.view.menu.MenuItemImpl getItemData()
android.support.v7.view.menu.ActionMenuItemView: void setItemInvoker(android.support.v7.view.menu.MenuBuilder$ItemInvoker)
android.support.v7.view.menu.ActionMenuItemView: void setPopupCallback(android.support.v7.view.menu.ActionMenuItemView$PopupCallback)
android.support.v7.view.menu.ActionMenuItemView: void setCheckable(boolean)
android.support.v7.view.menu.ActionMenuItemView: void setChecked(boolean)
android.support.v7.view.menu.ActionMenuItemView: void setExpandedFormat(boolean)
android.support.v7.view.menu.ActionMenuItemView: void setIcon(android.graphics.drawable.Drawable)
android.support.v7.view.menu.ActionMenuItemView: void setTitle(java.lang.CharSequence)
android.support.v7.view.menu.ExpandedMenuView
android.support.v7.view.menu.ExpandedMenuView: ExpandedMenuView(android.content.Context,android.util.AttributeSet)
android.support.v7.view.menu.ExpandedMenuView: ExpandedMenuView(android.content.Context,android.util.AttributeSet,int)
android.support.v7.view.menu.ExpandedMenuView: int getWindowAnimations()
android.support.v7.view.menu.ListMenuItemView
android.support.v7.view.menu.ListMenuItemView: ListMenuItemView(android.content.Context,android.util.AttributeSet)
android.support.v7.view.menu.ListMenuItemView: ListMenuItemView(android.content.Context,android.util.AttributeSet,int)
android.support.v7.view.menu.ListMenuItemView: void setForceShowIcon(boolean)
android.support.v7.view.menu.ListMenuItemView: void setTitle(java.lang.CharSequence)
android.support.v7.view.menu.ListMenuItemView: android.support.v7.view.menu.MenuItemImpl getItemData()
android.support.v7.view.menu.ListMenuItemView: void setCheckable(boolean)
android.support.v7.view.menu.ListMenuItemView: void setChecked(boolean)
android.support.v7.view.menu.ListMenuItemView: void setSubMenuArrowVisible(boolean)
android.support.v7.view.menu.ListMenuItemView: void setIcon(android.graphics.drawable.Drawable)
android.support.v7.view.menu.ListMenuItemView: android.view.LayoutInflater getInflater()
android.support.v7.widget.AbsActionBarView: AbsActionBarView(android.content.Context)
android.support.v7.widget.AbsActionBarView: AbsActionBarView(android.content.Context,android.util.AttributeSet)
android.support.v7.widget.AbsActionBarView: AbsActionBarView(android.content.Context,android.util.AttributeSet,int)
android.support.v7.widget.AbsActionBarView: void setContentHeight(int)
android.support.v7.widget.AbsActionBarView: int getContentHeight()
android.support.v7.widget.AbsActionBarView: int getAnimatedVisibility()
android.support.v7.widget.AbsActionBarView: void setVisibility(int)
android.support.v7.widget.ActionBarContainer
android.support.v7.widget.ActionBarContainer: ActionBarContainer(android.content.Context)
android.support.v7.widget.ActionBarContainer: ActionBarContainer(android.content.Context,android.util.AttributeSet)
android.support.v7.widget.ActionBarContainer: void setPrimaryBackground(android.graphics.drawable.Drawable)
android.support.v7.widget.ActionBarContainer: void setStackedBackground(android.graphics.drawable.Drawable)
android.support.v7.widget.ActionBarContainer: void setSplitBackground(android.graphics.drawable.Drawable)
android.support.v7.widget.ActionBarContainer: void setVisibility(int)
android.support.v7.widget.ActionBarContainer: void setTransitioning(boolean)
android.support.v7.widget.ActionBarContainer: void setTabContainer(android.support.v7.widget.ScrollingTabContainerView)
android.support.v7.widget.ActionBarContainer: android.view.View getTabContainer()