app/build/outputs/mapping/release/mapping.txt
vesitlibrary.pavankumar.camp.VESITLibrary.AboutDevFragment -> vesitlibrary.pavankumar.camp.VESITLibrary.a:
    void <init>() -> <init>
    android.view.View onCreateView(android.view.LayoutInflater,android.view.ViewGroup,android.os.Bundle) -> a
vesitlibrary.pavankumar.camp.VESITLibrary.AboutusFragment -> vesitlibrary.pavankumar.camp.VESITLibrary.b:
    android.widget.Button buttongp10 -> aj
    android.widget.Button buttongp11 -> ak
    android.widget.Button buttongp12 -> al
    android.widget.LinearLayout ratel -> am
    android.view.View view -> an
    void <init>() -> <init>
    android.view.View onCreateView(android.view.LayoutInflater,android.view.ViewGroup,android.os.Bundle) -> a
    void onClick(android.view.View) -> onClick
vesitlibrary.pavankumar.camp.VESITLibrary.AboutusFragment$1 -> vesitlibrary.pavankumar.camp.VESITLibrary.b$1:
    vesitlibrary.pavankumar.camp.VESITLibrary.AboutusFragment this$0 -> a
    void <init>(vesitlibrary.pavankumar.camp.VESITLibrary.AboutusFragment) -> <init>
    void onClick(android.content.DialogInterface,int) -> onClick
vesitlibrary.pavankumar.camp.VESITLibrary.AboutusFragment$2 -> vesitlibrary.pavankumar.camp.VESITLibrary.b$2:
    vesitlibrary.pavankumar.camp.VESITLibrary.AboutusFragment this$0 -> a
    void <init>(vesitlibrary.pavankumar.camp.VESITLibrary.AboutusFragment) -> <init>
    void onClick(android.content.DialogInterface,int) -> onClick
vesitlibrary.pavankumar.camp.VESITLibrary.AboutusFragment$3 -> vesitlibrary.pavankumar.camp.VESITLibrary.b$3:
    vesitlibrary.pavankumar.camp.VESITLibrary.AboutusFragment this$0 -> a
    void <init>(vesitlibrary.pavankumar.camp.VESITLibrary.AboutusFragment) -> <init>
    void onClick(android.content.DialogInterface,int) -> onClick
vesitlibrary.pavankumar.camp.VESITLibrary.AboutusFragment$4 -> vesitlibrary.pavankumar.camp.VESITLibrary.b$4:
    vesitlibrary.pavankumar.camp.VESITLibrary.AboutusFragment this$0 -> a
    void <init>(vesitlibrary.pavankumar.camp.VESITLibrary.AboutusFragment) -> <init>
    void onClick(android.content.DialogInterface,int) -> onClick
vesitlibrary.pavankumar.camp.VESITLibrary.AboutusFragment_old -> vesitlibrary.pavankumar.camp.VESITLibrary.c:
    android.widget.Button buttongp10 -> aj
    android.widget.Button buttongp11 -> ak
    android.widget.Button buttongp12 -> al
    android.widget.LinearLayout ratel -> am
    android.view.View view -> an
    void <init>() -> <init>
    android.view.View onCreateView(android.view.LayoutInflater,android.view.ViewGroup,android.os.Bundle) -> a
    void onClick(android.view.View) -> onClick
vesitlibrary.pavankumar.camp.VESITLibrary.AboutusFragment_old$1 -> vesitlibrary.pavankumar.camp.VESITLibrary.c$1:
    vesitlibrary.pavankumar.camp.VESITLibrary.AboutusFragment_old this$0 -> a
    void <init>(vesitlibrary.pavankumar.camp.VESITLibrary.AboutusFragment_old) -> <init>
    void onClick(android.content.DialogInterface,int) -> onClick
vesitlibrary.pavankumar.camp.VESITLibrary.AboutusFragment_old$2 -> vesitlibrary.pavankumar.camp.VESITLibrary.c$2:
    vesitlibrary.pavankumar.camp.VESITLibrary.AboutusFragment_old this$0 -> a
    void <init>(vesitlibrary.pavankumar.camp.VESITLibrary.AboutusFragment_old) -> <init>
    void onClick(android.content.DialogInterface,int) -> onClick
vesitlibrary.pavankumar.camp.VESITLibrary.AboutusFragment_old$3 -> vesitlibrary.pavankumar.camp.VESITLibrary.c$3:
    vesitlibrary.pavankumar.camp.VESITLibrary.AboutusFragment_old this$0 -> a
    void <init>(vesitlibrary.pavankumar.camp.VESITLibrary.AboutusFragment_old) -> <init>
    void onClick(android.content.DialogInterface,int) -> onClick
vesitlibrary.pavankumar.camp.VESITLibrary.AboutusFragment_old$4 -> vesitlibrary.pavankumar.camp.VESITLibrary.c$4:
    vesitlibrary.pavankumar.camp.VESITLibrary.AboutusFragment_old this$0 -> a
    void <init>(vesitlibrary.pavankumar.camp.VESITLibrary.AboutusFragment_old) -> <init>
    void onClick(android.content.DialogInterface,int) -> onClick
...
com.android.volley.TimeoutError -> com.a.a.q:
    void <init>() -> <init>
com.android.volley.VolleyError -> com.a.a.r:
    com.android.volley.NetworkResponse networkResponse -> a
    void <init>() -> <init>
    void <init>(com.android.volley.NetworkResponse) -> <init>
    void <init>(java.lang.Throwable) -> <init>
com.android.volley.VolleyLog -> com.a.a.s:
    java.lang.String TAG -> a
    boolean DEBUG -> b
    void <init>() -> <init>
    void v(java.lang.String,java.lang.Object[]) -> a
    void d(java.lang.String,java.lang.Object[]) -> b
    void e(java.lang.String,java.lang.Object[]) -> c
    void e(java.lang.Throwable,java.lang.String,java.lang.Object[]) -> a
    java.lang.String buildMessage(java.lang.String,java.lang.Object[]) -> d
    void <clinit>() -> <clinit>
com.android.volley.VolleyLog$MarkerLog -> com.a.a.s$a:
    boolean ENABLED -> a
    java.util.List mMarkers -> b
    boolean mFinished -> c
    void <init>() -> <init>
    void add(java.lang.String,long) -> a
    void finish(java.lang.String) -> a
    void finalize() -> finalize
    long getTotalDuration() -> a
    void <clinit>() -> <clinit>
com.android.volley.VolleyLog$MarkerLog$Marker -> com.a.a.s$a$a:
    java.lang.String name -> a
    long thread -> b
    long time -> c
    void <init>(java.lang.String,long,long) -> <init>
com.android.volley.toolbox.BasicNetwork -> com.a.a.a.a:
    boolean DEBUG -> a
    int SLOW_REQUEST_THRESHOLD_MS -> d
    int DEFAULT_POOL_SIZE -> e
    com.android.volley.toolbox.HttpStack mHttpStack -> b
    com.android.volley.toolbox.ByteArrayPool mPool -> c
    void <init>(com.android.volley.toolbox.HttpStack) -> <init>
    void <init>(com.android.volley.toolbox.HttpStack,com.android.volley.toolbox.ByteArrayPool) -> <init>
    com.android.volley.NetworkResponse performRequest(com.android.volley.Request) -> a
    void logSlowRequests(long,com.android.volley.Request,byte[],org.apache.http.StatusLine) -> a
    void attemptRetryOnException(java.lang.String,com.android.volley.Request,com.android.volley.VolleyError) -> a
    void addCacheHeaders(java.util.Map,com.android.volley.Cache$Entry) -> a
    byte[] entityToBytes(org.apache.http.HttpEntity) -> a
    java.util.Map convertHeaders(org.apache.http.Header[]) -> a
    void <clinit>() -> <clinit>
com.android.volley.toolbox.ByteArrayPool -> com.a.a.a.b:
    java.util.List mBuffersByLastUse -> b
    java.util.List mBuffersBySize -> c
    int mCurrentSize -> d
    int mSizeLimit -> e
    java.util.Comparator BUF_COMPARATOR -> a
    void <init>(int) -> <init>
    byte[] getBuf(int) -> a
    void returnBuf(byte[]) -> a
    void trim() -> a
    void <clinit>() -> <clinit>
com.android.volley.toolbox.ByteArrayPool$1 -> com.a.a.a.b$1:
    void <init>() -> <init>
    int compare(byte[],byte[]) -> a
    int compare(java.lang.Object,java.lang.Object) -> compare