app/build/outputs/mapping/release/usage.txt
vesitlibrary.pavankumar.camp.VESITLibrary.BuildConfig
vesitlibrary.pavankumar.camp.VESITLibrary.Configbookconnection
vesitlibrary.pavankumar.camp.VESITLibrary.Connectivity:
    28:29:public void setConnectivityListener(vesitlibrary.pavankumar.camp.VESITLibrary.ConnectivityReceiver$ConnectivityReceiverListener)
vesitlibrary.pavankumar.camp.VESITLibrary.ParseJSONdetails:
    private static final java.lang.String JSON_ARRAY
    private static final java.lang.String KEY_NAME
    private static final java.lang.String KEY_ISS_DATE
    private static final java.lang.String KEY_DUE_DATE
vesitlibrary.pavankumar.camp.VESITLibrary.PrefManager:
    private static final java.lang.String PREF_NAME
    private static final java.lang.String IS_FIRST_TIME_LAUNCH
vesitlibrary.pavankumar.camp.VESITLibrary.R
vesitlibrary.pavankumar.camp.VESITLibrary.R$anim
vesitlibrary.pavankumar.camp.VESITLibrary.R$array
vesitlibrary.pavankumar.camp.VESITLibrary.R$attr
vesitlibrary.pavankumar.camp.VESITLibrary.R$bool
vesitlibrary.pavankumar.camp.VESITLibrary.R$color
vesitlibrary.pavankumar.camp.VESITLibrary.R$dimen
vesitlibrary.pavankumar.camp.VESITLibrary.R$drawable
vesitlibrary.pavankumar.camp.VESITLibrary.R$id
vesitlibrary.pavankumar.camp.VESITLibrary.R$integer
vesitlibrary.pavankumar.camp.VESITLibrary.R$layout
vesitlibrary.pavankumar.camp.VESITLibrary.R$menu
vesitlibrary.pavankumar.camp.VESITLibrary.R$mipmap
vesitlibrary.pavankumar.camp.VESITLibrary.R$string
vesitlibrary.pavankumar.camp.VESITLibrary.R$style
vesitlibrary.pavankumar.camp.VESITLibrary.R$styleable
vesitlibrary.pavankumar.camp.VESITLibrary.TabComputerFragment:
    android.view.View view
vesitlibrary.pavankumar.camp.VESITLibrary.TabEtrxFragment:
    android.view.View view
vesitlibrary.pavankumar.camp.VESITLibrary.TabExtcFragment:
    android.view.View view
vesitlibrary.pavankumar.camp.VESITLibrary.TabInstruFragment:
    android.view.View view
vesitlibrary.pavankumar.camp.VESITLibrary.TabItFragment:
    android.view.View view
...
android.support.v4.view.ViewCompat$LollipopViewCompatImpl:
    1596:1597:public void setTransitionName(android.view.View,java.lang.String)
    1601:1601:public java.lang.String getTransitionName(android.view.View)
    1621:1622:public void setTranslationZ(android.view.View,float)
    1651:1652:public void setNestedScrollingEnabled(android.view.View,boolean)
    1656:1656:public boolean isNestedScrollingEnabled(android.view.View)
    1661:1661:public boolean startNestedScroll(android.view.View,int)
    1671:1671:public boolean hasNestedScrollingParent(android.view.View)
    1677:1677:public boolean dispatchNestedScroll(android.view.View,int,int,int,int,int[])
    1684:1684:public boolean dispatchNestedPreScroll(android.view.View,int,int,int[],int[])
    1691:1691:public boolean dispatchNestedFling(android.view.View,float,float,boolean)
    1696:1696:public boolean dispatchNestedPreFling(android.view.View,float,float)
    1701:1701:public boolean isImportantForAccessibility(android.view.View)
    1744:1745:public void setZ(android.view.View,float)
android.support.v4.view.ViewCompat$MarshmallowViewCompatImpl:
    1761:1762:public void setScrollIndicators(android.view.View,int)
    1771:1771:public int getScrollIndicators(android.view.View)
android.support.v4.view.ViewCompat$ScrollIndicators
android.support.v4.view.ViewCompat$ViewCompatImpl:
    public abstract void onInitializeAccessibilityEvent(android.view.View,android.view.accessibility.AccessibilityEvent)
    public abstract void onPopulateAccessibilityEvent(android.view.View,android.view.accessibility.AccessibilityEvent)
    public abstract void onInitializeAccessibilityNodeInfo(android.view.View,android.support.v4.view.accessibility.AccessibilityNodeInfoCompat)
    public abstract void setHasTransientState(android.view.View,boolean)
    public abstract void postInvalidateOnAnimation(android.view.View,int,int,int,int)
    public abstract boolean isImportantForAccessibility(android.view.View)
    public abstract boolean performAccessibilityAction(android.view.View,int,android.os.Bundle)
    public abstract android.support.v4.view.accessibility.AccessibilityNodeProviderCompat getAccessibilityNodeProvider(android.view.View)
    public abstract int getLabelFor(android.view.View)
    public abstract void setLabelFor(android.view.View,int)
    public abstract void setLayerPaint(android.view.View,android.graphics.Paint)
    public abstract void setLayoutDirection(android.view.View,int)
    public abstract int getMeasuredHeightAndState(android.view.View)
    public abstract int getAccessibilityLiveRegion(android.view.View)
    public abstract void dispatchStartTemporaryDetach(android.view.View)
    public abstract void dispatchFinishTemporaryDetach(android.view.View)
android.support.v4.view.ViewCompatApi24
android.support.v4.view.ViewCompatBase:
    private static final java.lang.String TAG
    26:26:ViewCompatBase()